<?xml version="1.0" encoding="UTF-8"?>
<!-- Generated by org.testng.reporters.JUnitReportReporter -->
<testsuite hostname="SnowHound" failures="0" tests="2" name="com.example.tests.LoginUsingJson" time="0.018" errors="0" timestamp="2025-04-18T14:44:28 IST" skipped="0">
  <testcase classname="com.example.tests.LoginUsingJson" name="loginTest" time="0.003"/>
  <system-out/>
  <testcase classname="com.example.tests.LoginUsingJson" name="loginTest" time="0.015"/>
  <system-out/>
</testsuite> <!-- com.example.tests.LoginUsingJson -->
