<?xml version="1.0" encoding="UTF-8"?>
<!-- Generated by org.testng.reporters.JUnitReportReporter -->
<testsuite hostname="SnowHound" failures="0" tests="4" name="com.example.tests.LoginTest" time="0.058" errors="0" timestamp="2025-04-18T14:53:35 IST" skipped="0">
  <testcase classname="com.example.tests.LoginTest" name="loginTest" time="0.029"/>
  <system-out/>
  <testcase classname="com.example.tests.LoginTest" name="loginTest" time="0.006"/>
  <system-out/>
  <testcase classname="com.example.tests.LoginTest" name="loginTest" time="0.018"/>
  <system-out/>
  <testcase classname="com.example.tests.LoginTest" name="loginTest" time="0.005"/>
  <system-out/>
</testsuite> <!-- com.example.tests.LoginTest -->
