<?xml version="1.0" encoding="UTF-8"?>
<!-- Generated by org.testng.reporters.JUnitReportReporter -->
<testsuite hostname="SnowHound" failures="0" tests="3" name="com.example.tests.LoginTest" time="0.029" errors="0" timestamp="2025-04-18T10:04:04 IST" skipped="0">
  <testcase classname="com.example.tests.LoginTest" name="loginTest" time="0.007"/>
  <testcase classname="com.example.tests.LoginTest" name="loginTest" time="0.015"/>
  <testcase classname="com.example.tests.LoginTest" name="loginTest" time="0.007"/>
</testsuite> <!-- com.example.tests.LoginTest -->
