<?xml version="1.0" encoding="UTF-8"?>
<!-- Generated by org.testng.reporters.JUnitReportReporter -->
<testsuite hostname="SnowHound" failures="0" tests="3" name="com.example.tests.SampleTest" time="0.001" errors="0" timestamp="2025-04-18T11:35:51 IST" skipped="3">
  <testcase classname="com.example.tests.SampleTest" name="Test1" time="0.001">
    <skipped/>
  </testcase> <!-- Test1 -->
  <testcase classname="com.example.tests.SampleTest" name="Test1" time="0.000">
    <skipped/>
  </testcase> <!-- Test1 -->
  <testcase classname="com.example.tests.SampleTest" name="firstTest" time="0.000">
    <skipped/>
  </testcase> <!-- firstTest -->
</testsuite> <!-- com.example.tests.SampleTest -->
