<?xml version="1.0" encoding="UTF-8"?>
<!-- Generated by org.testng.reporters.JUnitReportReporter -->
<testsuite hostname="SnowHound" failures="0" tests="1" name="com.example.tests.ExcelTest" time="0.001" errors="0" timestamp="2025-04-18T11:35:51 IST" skipped="1">
  <testcase classname="com.example.tests.ExcelTest" name="testReadExcel" time="0.001">
    <skipped/>
  </testcase> <!-- testReadExcel -->
</testsuite> <!-- com.example.tests.ExcelTest -->
