<?xml version="1.0" encoding="UTF-8"?>
<!-- Generated by org.testng.reporters.JUnitReportReporter -->
<testsuite hostname="SnowHound" failures="0" tests="4" name="com.example.tests.LoginTest" time="0.035" errors="0" timestamp="2025-04-18T11:54:47 IST" skipped="0">
  <testcase classname="com.example.tests.LoginTest" name="loginTest" time="0.002"/>
  <testcase classname="com.example.tests.LoginTest" name="loginTest" time="0.020"/>
  <testcase classname="com.example.tests.LoginTest" name="loginTest" time="0.009"/>
  <testcase classname="com.example.tests.LoginTest" name="loginTest" time="0.004"/>
</testsuite> <!-- com.example.tests.LoginTest -->
