<?xml version="1.0" encoding="UTF-8"?>
<!-- Generated by org.testng.reporters.JUnitReportReporter -->
<testsuite hostname="SnowHound" failures="0" tests="1" name="com.example.tests.ExcelTest" time="1.574" errors="0" timestamp="2025-04-18T09:49:38 IST" skipped="0">
  <testcase classname="com.example.tests.ExcelTest" name="testReadExcel" time="1.574"/>
</testsuite> <!-- com.example.tests.ExcelTest -->
