<?xml version="1.0" encoding="UTF-8"?>
<!-- Generated by org.testng.reporters.JUnitReportReporter -->
<testsuite hostname="SnowHound" failures="0" tests="3" name="com.example.tests.SampleTest" time="0.025" errors="0" timestamp="2025-04-18T09:31:14 IST" skipped="0">
  <testcase classname="com.example.tests.SampleTest" name="firstTest" time="0.006"/>
  <testcase classname="com.example.tests.SampleTest" name="Test1" time="0.002"/>
  <testcase classname="com.example.tests.SampleTest" name="Test1" time="0.017"/>
</testsuite> <!-- com.example.tests.SampleTest -->
